AS_CasualTalks/app/build/outputs/mapping/release/seeds.txt
android.support.v7.widget.SearchView: int getSuggestionRowLayout()
android.support.v7.widget.SearchView: int getSuggestionCommitIconResId()
android.support.v7.widget.SearchView: void setSearchableInfo(android.app.SearchableInfo)
android.support.v7.widget.SearchView: void setAppSearchData(android.os.Bundle)
android.support.v7.widget.SearchView: void setImeOptions(int)
android.support.v7.widget.SearchView: int getImeOptions()
android.support.v7.widget.SearchView: void setInputType(int)
android.support.v7.widget.SearchView: int getInputType()
android.support.v7.widget.SearchView: void setOnQueryTextListener(android.support.v7.widget.SearchView$OnQueryTextListener)
android.support.v7.widget.SearchView: void setOnCloseListener(android.support.v7.widget.SearchView$OnCloseListener)
android.support.v7.widget.SearchView: void setOnQueryTextFocusChangeListener(android.view.View$OnFocusChangeListener)
android.support.v7.widget.SearchView: void setOnSuggestionListener(android.support.v7.widget.SearchView$OnSuggestionListener)
android.support.v7.widget.SearchView: void setOnSearchClickListener(android.view.View$OnClickListener)
android.support.v7.widget.SearchView: java.lang.CharSequence getQuery()
android.support.v7.widget.SearchView: void setQueryHint(java.lang.CharSequence)
android.support.v7.widget.SearchView: java.lang.CharSequence getQueryHint()
android.support.v7.widget.SearchView: void setIconifiedByDefault(boolean)
android.support.v7.widget.SearchView: void setIconified(boolean)
android.support.v7.widget.SearchView$SavedState: android.os.Parcelable$Creator CREATOR
android.support.v7.widget.SearchView$SearchAutoComplete
android.support.v7.widget.SearchView$SearchAutoComplete: SearchView$SearchAutoComplete(android.content.Context)
android.support.v7.widget.SearchView$SearchAutoComplete: SearchView$SearchAutoComplete(android.content.Context,android.util.AttributeSet)
android.support.v7.widget.SearchView$SearchAutoComplete: SearchView$SearchAutoComplete(android.content.Context,android.util.AttributeSet,int)
android.support.v7.widget.SearchView$SearchAutoComplete: void setSearchView(android.support.v7.widget.SearchView)
android.support.v7.widget.SearchView$SearchAutoComplete: void setThreshold(int)
android.support.v7.widget.SearchView$SearchAutoComplete: int getSearchViewTextMinWidthDp()
android.support.v7.widget.SearchView$SearchAutoComplete: void setImeVisibility(boolean)
android.support.v7.widget.SwitchCompat: void setSwitchTypeface(android.graphics.Typeface)
android.support.v7.widget.SwitchCompat: void setSwitchPadding(int)
android.support.v7.widget.SwitchCompat: int getSwitchPadding()
android.support.v7.widget.SwitchCompat: void setSwitchMinWidth(int)
android.support.v7.widget.SwitchCompat: int getSwitchMinWidth()
android.support.v7.widget.SwitchCompat: void setThumbTextPadding(int)
android.support.v7.widget.SwitchCompat: int getThumbTextPadding()
android.support.v7.widget.SwitchCompat: void setTrackDrawable(android.graphics.drawable.Drawable)
android.support.v7.widget.SwitchCompat: void setTrackResource(int)
android.support.v7.widget.SwitchCompat: android.graphics.drawable.Drawable getTrackDrawable()
android.support.v7.widget.SwitchCompat: void setTrackTintList(android.content.res.ColorStateList)
android.support.v7.widget.SwitchCompat: android.content.res.ColorStateList getTrackTintList()
android.support.v7.widget.SwitchCompat: void setTrackTintMode(android.graphics.PorterDuff$Mode)
android.support.v7.widget.SwitchCompat: android.graphics.PorterDuff$Mode getTrackTintMode()
android.support.v7.widget.SwitchCompat: void setThumbDrawable(android.graphics.drawable.Drawable)
android.support.v7.widget.SwitchCompat: void setThumbResource(int)
android.support.v7.widget.SwitchCompat: android.graphics.drawable.Drawable getThumbDrawable()
android.support.v7.widget.SwitchCompat: void setThumbTintList(android.content.res.ColorStateList)