AS_CasualTalks/app/build/outputs/mapping/release/mapping.txt
android.support.v7.widget.TintInfo -> android.support.v7.widget.au:
    android.content.res.ColorStateList mTintList -> a
    android.graphics.PorterDuff$Mode mTintMode -> b
    boolean mHasTintMode -> c
    boolean mHasTintList -> d
    void <init>() -> <init>
    void clear() -> a
android.support.v7.widget.TintResources -> android.support.v7.widget.av:
    java.lang.ref.WeakReference mContextRef -> a
    void <init>(android.content.Context,android.content.res.Resources) -> <init>
    android.graphics.drawable.Drawable getDrawable(int) -> getDrawable
android.support.v7.widget.TintTypedArray -> android.support.v7.widget.aw:
    android.content.Context mContext -> a
    android.content.res.TypedArray mWrapped -> b
    android.util.TypedValue mTypedValue -> c
    android.support.v7.widget.TintTypedArray obtainStyledAttributes(android.content.Context,android.util.AttributeSet,int[]) -> a
    android.support.v7.widget.TintTypedArray obtainStyledAttributes(android.content.Context,android.util.AttributeSet,int[],int,int) -> a
    android.support.v7.widget.TintTypedArray obtainStyledAttributes(android.content.Context,int,int[]) -> a
    void <init>(android.content.Context,android.content.res.TypedArray) -> <init>
    android.graphics.drawable.Drawable getDrawable(int) -> a
    android.graphics.drawable.Drawable getDrawableIfKnown(int) -> b
    android.graphics.Typeface getFont(int,int,android.support.v4.content.res.ResourcesCompat$FontCallback) -> a
    java.lang.CharSequence getText(int) -> c
    java.lang.String getString(int) -> d
    boolean getBoolean(int,boolean) -> a
    int getInt(int,int) -> a
    float getFloat(int,float) -> a
    int getColor(int,int) -> b
    android.content.res.ColorStateList getColorStateList(int) -> e
    int getInteger(int,int) -> c
    int getDimensionPixelOffset(int,int) -> d
    int getDimensionPixelSize(int,int) -> e
    int getLayoutDimension(int,int) -> f
    int getResourceId(int,int) -> g
    java.lang.CharSequence[] getTextArray(int) -> f
    boolean hasValue(int) -> g
android.support.v7.widget.Toolbar -> android.support.v7.widget.Toolbar:
    android.support.v7.widget.ActionMenuView mMenuView -> e
    android.widget.TextView mTitleTextView -> f
    android.widget.TextView mSubtitleTextView -> g
    android.widget.ImageButton mNavButtonView -> h
    android.widget.ImageView mLogoView -> i
    android.graphics.drawable.Drawable mCollapseIcon -> j
    java.lang.CharSequence mCollapseDescription -> k
    android.widget.ImageButton mCollapseButtonView -> a
    android.view.View mExpandedActionView -> b
    android.content.Context mPopupContext -> l
    int mPopupTheme -> m
    int mTitleTextAppearance -> n
    int mSubtitleTextAppearance -> o
    int mButtonGravity -> c
    int mMaxButtonHeight -> p
    int mTitleMarginStart -> q
    int mTitleMarginEnd -> r
    int mTitleMarginTop -> s
    int mTitleMarginBottom -> t
    android.support.v7.widget.RtlSpacingHelper mContentInsets -> u
    int mContentInsetStartWithNavigation -> v
    int mContentInsetEndWithActions -> w
    int mGravity -> x
    java.lang.CharSequence mTitleText -> y
    java.lang.CharSequence mSubtitleText -> z
    int mTitleTextColor -> A
    int mSubtitleTextColor -> B
    boolean mEatingTouch -> C
    boolean mEatingHover -> D
    java.util.ArrayList mTempViews -> E
    java.util.ArrayList mHiddenViews -> F
    int[] mTempMargins -> G
    android.support.v7.widget.Toolbar$OnMenuItemClickListener mOnMenuItemClickListener -> d
android.support.v7.widget.Toolbar$1 -> android.support.v7.widget.Toolbar$1:
    android.support.v7.widget.Toolbar this$0 -> a
    void <init>(android.support.v7.widget.Toolbar) -> <init>
    boolean onMenuItemClick(android.view.MenuItem) -> a
android.support.v7.widget.Toolbar$2 -> android.support.v7.widget.Toolbar$2:
    android.support.v7.widget.Toolbar this$0 -> a
    void <init>(android.support.v7.widget.Toolbar) -> <init>
    void run() -> run