AS_CasualTalks/app/build/outputs/mapping/release/usage.txt
android.support.v4.app.FragmentTransition:
    37:1224:FragmentTransition()
    1096:1096:static boolean supportsTransition()
android.support.v4.app.FrameMetricsAggregator
android.support.v4.app.FrameMetricsAggregator$1
android.support.v4.app.FrameMetricsAggregator$FrameMetricsApi24Impl
android.support.v4.app.FrameMetricsAggregator$FrameMetricsApi24Impl$1
android.support.v4.app.FrameMetricsAggregator$FrameMetricsBaseImpl
android.support.v4.app.FrameMetricsAggregator$MetricType
android.support.v4.app.INotificationSideChannel
android.support.v4.app.INotificationSideChannel$Stub
android.support.v4.app.INotificationSideChannel$Stub$Proxy
android.support.v4.app.JobIntentService
android.support.v4.app.JobIntentService$CommandProcessor
android.support.v4.app.JobIntentService$CompatJobEngine
android.support.v4.app.JobIntentService$CompatWorkEnqueuer
android.support.v4.app.JobIntentService$CompatWorkItem
android.support.v4.app.JobIntentService$GenericWorkItem
android.support.v4.app.JobIntentService$JobServiceEngineImpl
android.support.v4.app.JobIntentService$JobServiceEngineImpl$WrapperWorkItem
android.support.v4.app.JobIntentService$JobWorkEnqueuer
android.support.v4.app.JobIntentService$WorkEnqueuer
android.support.v4.app.ListFragment
android.support.v4.app.ListFragment$1
android.support.v4.app.ListFragment$2
android.support.v4.app.LoaderManager:
    37:41:public LoaderManager()
    public abstract android.support.v4.content.Loader initLoader(int,android.os.Bundle,android.support.v4.app.LoaderManager$LoaderCallbacks)
    public abstract android.support.v4.content.Loader restartLoader(int,android.os.Bundle,android.support.v4.app.LoaderManager$LoaderCallbacks)
    public abstract void destroyLoader(int)
    public abstract android.support.v4.content.Loader getLoader(int)
    197:198:public static void enableDebugLogging(boolean)
    204:204:public boolean hasRunningLoaders()
android.support.v4.app.LoaderManager$LoaderCallbacks:
    public abstract android.support.v4.content.Loader onCreateLoader(int,android.os.Bundle)
android.support.v4.app.LoaderManagerImpl:
    static final java.lang.String TAG
    private boolean mCreatingLoader
    358:361:LoaderManagerImpl(android.arch.lifecycle.LifecycleOwner,android.arch.lifecycle.ViewModelStore)
    369:383:private android.support.v4.content.Loader createAndInstallLoader(int,android.os.Bundle,android.support.v4.app.LoaderManager$LoaderCallbacks,android.support.v4.content.Loader)
    391:407:public android.support.v4.content.Loader initLoader(int,android.os.Bundle,android.support.v4.app.LoaderManager$LoaderCallbacks)
    416:430:public android.support.v4.content.Loader restartLoader(int,android.os.Bundle,android.support.v4.app.LoaderManager$LoaderCallbacks)
    436:449:public void destroyLoader(int)
    454:459:public android.support.v4.content.Loader getLoader(int)
    492:492:public boolean hasRunningLoaders()
android.support.v4.app.LoaderManagerImpl$LoaderInfo:
    60:66:LoaderManagerImpl$LoaderInfo(int,android.os.Bundle,android.support.v4.content.Loader,android.support.v4.content.Loader)
    97:106:android.support.v4.content.Loader setCallback(android.arch.lifecycle.LifecycleOwner,android.support.v4.app.LoaderManager$LoaderCallbacks)
    124:128:boolean isCallbackWaitingForData()
    171:184:public void onLoadComplete(android.support.v4.content.Loader,java.lang.Object)
    188:194:public void setValue(java.lang.Object)
android.support.v4.app.LoaderManagerImpl$LoaderObserver:
    235:240:LoaderManagerImpl$LoaderObserver(android.support.v4.content.Loader,android.support.v4.app.LoaderManager$LoaderCallbacks)